# JRE version: OpenJDK Runtime Environment (8.0_76-b03) (build 1.8.0_76-release-b03)
# Java VM: OpenJDK 64-Bit Server VM (25.76-b03 mixed mode linux-amd64 compressed oops)
Heap:
 PSYoungGen      total 392704K, used 99705K [0x00000000d5580000, 0x00000000f7a00000, 0x0000000100000000)
  eden space 262656K, 0% used [0x00000000d5580000,0x00000000d5580000,0x00000000e5600000)
  from space 130048K, 76% used [0x00000000e5600000,0x00000000eb75e7a0,0x00000000ed500000)
  to   space 112640K, 0% used [0x00000000ed500000,0x00000000ed500000,0x00000000f4300000)
 ParOldGen       total 385536K, used 245757K [0x0000000080000000, 0x0000000097880000, 0x00000000d5580000)
  object space 385536K, 63% used [0x0000000080000000,0x000000008efff6a8,0x0000000097880000)
 Metaspace       used 6448K, capacity 7216K, committed 7296K, reserved 1056768K
  class space    used 593K, capacity 616K, committed 640K, reserved 1048576K
GC Heap History (10 events):
Event: 40,714 GC heap after
Heap after GC invocations=12 (full 2):
 PSYoungGen      total 286208K, used 70639K [0x00000000d5580000, 0x00000000f4600000, 0x0000000100000000)
  eden space 215552K, 0% used [0x00000000d5580000,0x00000000d5580000,0x00000000e2800000)
  from space 70656K, 99% used [0x00000000e8d00000,0x00000000ed1fbd30,0x00000000ed200000)
  to   space 103424K, 0% used [0x00000000e2800000,0x00000000e2800000,0x00000000e8d00000)
 ParOldGen       total 195072K, used 169136K [0x0000000080000000, 0x000000008be80000, 0x00000000d5580000)
  object space 195072K, 86% used [0x0000000080000000,0x000000008a52c2b0,0x000000008be80000)
 Metaspace       used 6447K, capacity 7216K, committed 7296K, reserved 1056768K
  class space    used 593K, capacity 616K, committed 640K, reserved 1048576K
}
Event: 40,714 GC heap before
{Heap before GC invocations=13 (full 3):
 PSYoungGen      total 286208K, used 70639K [0x00000000d5580000, 0x00000000f4600000, 0x0000000100000000)
  eden space 215552K, 0% used [0x00000000d5580000,0x00000000d5580000,0x00000000e2800000)
  from space 70656K, 99% used [0x00000000e8d00000,0x00000000ed1fbd30,0x00000000ed200000)
  to   space 103424K, 0% used [0x00000000e2800000,0x00000000e2800000,0x00000000e8d00000)
 ParOldGen       total 195072K, used 169136K [0x0000000080000000, 0x000000008be80000, 0x00000000d5580000)
  object space 195072K, 86% used [0x0000000080000000,0x000000008a52c2b0,0x000000008be80000)
 Metaspace       used 6447K, capacity 7216K, committed 7296K, reserved 1056768K
  class space    used 593K, capacity 616K, committed 640K, reserved 1048576K
Event: 41,237 GC heap after
Heap after GC invocations=13 (full 3):
 PSYoungGen      total 286208K, used 39675K [0x00000000d5580000, 0x00000000f4600000, 0x0000000100000000)
  eden space 215552K, 0% used [0x00000000d5580000,0x00000000d5580000,0x00000000e2800000)
  from space 70656K, 56% used [0x00000000e8d00000,0x00000000eb3befc0,0x00000000ed200000)
  to   space 103424K, 0% used [0x00000000e2800000,0x00000000e2800000,0x00000000e8d00000)
 ParOldGen       total 304640K, used 194825K [0x0000000080000000, 0x0000000092980000, 0x00000000d5580000)
  object space 304640K, 63% used [0x0000000080000000,0x000000008be427d8,0x0000000092980000)
 Metaspace       used 6447K, capacity 7216K, committed 7296K, reserved 1056768K
  class space    used 593K, capacity 616K, committed 640K, reserved 1048576K
}
Event: 42,900 GC heap before
{Heap before GC invocations=14 (full 3):
 PSYoungGen      total 286208K, used 255227K [0x00000000d5580000, 0x00000000f4600000, 0x0000000100000000)
  eden space 215552K, 100% used [0x00000000d5580000,0x00000000e2800000,0x00000000e2800000)
  from space 70656K, 56% used [0x00000000e8d00000,0x00000000eb3befc0,0x00000000ed200000)
  to   space 103424K, 0% used [0x00000000e2800000,0x00000000e2800000,0x00000000e8d00000)
 ParOldGen       total 304640K, used 194825K [0x0000000080000000, 0x0000000092980000, 0x00000000d5580000)
  object space 304640K, 63% used [0x0000000080000000,0x000000008be427d8,0x0000000092980000)
 Metaspace       used 6448K, capacity 7216K, committed 7296K, reserved 1056768K
  class space    used 593K, capacity 616K, committed 640K, reserved 1048576K
Event: 45,699 GC heap after
Heap after GC invocations=14 (full 3):
 PSYoungGen      total 318976K, used 77727K [0x00000000d5580000, 0x00000000f4300000, 0x0000000100000000)
  eden space 215552K, 0% used [0x00000000d5580000,0x00000000d5580000,0x00000000e2800000)
  from space 103424K, 75% used [0x00000000e2800000,0x00000000e73e7da0,0x00000000e8d00000)
  to   space 112640K, 0% used [0x00000000ed500000,0x00000000ed500000,0x00000000f4300000)
 ParOldGen       total 304640K, used 231685K [0x0000000080000000, 0x0000000092980000, 0x00000000d5580000)
  object space 304640K, 76% used [0x0000000080000000,0x000000008e241440,0x0000000092980000)
 Metaspace       used 6448K, capacity 7216K, committed 7296K, reserved 1056768K
  class space    used 593K, capacity 616K, committed 640K, reserved 1048576K
}
Event: 46,008 GC heap before
{Heap before GC invocations=15 (full 3):
 PSYoungGen      total 318976K, used 293279K [0x00000000d5580000, 0x00000000f4300000, 0x0000000100000000)
  eden space 215552K, 100% used [0x00000000d5580000,0x00000000e2800000,0x00000000e2800000)
  from space 103424K, 75% used [0x00000000e2800000,0x00000000e73e7da0,0x00000000e8d00000)
  to   space 112640K, 0% used [0x00000000ed500000,0x00000000ed500000,0x00000000f4300000)
 ParOldGen       total 304640K, used 231685K [0x0000000080000000, 0x0000000092980000, 0x00000000d5580000)
  object space 304640K, 76% used [0x0000000080000000,0x000000008e241440,0x0000000092980000)
 Metaspace       used 6448K, capacity 7216K, committed 7296K, reserved 1056768K
  class space    used 593K, capacity 616K, committed 640K, reserved 1048576K
Event: 71,707 GC heap after
Heap after GC invocations=15 (full 3):
 PSYoungGen      total 375296K, used 105215K [0x00000000d5580000, 0x00000000f7a00000, 0x0000000100000000)
  eden space 262656K, 0% used [0x00000000d5580000,0x00000000d5580000,0x00000000e5600000)
  from space 112640K, 93% used [0x00000000ed500000,0x00000000f3bbfff8,0x00000000f4300000)
  to   space 130048K, 0% used [0x00000000e5600000,0x00000000e5600000,0x00000000ed500000)
 ParOldGen       total 304640K, used 304616K [0x0000000080000000, 0x0000000092980000, 0x00000000d5580000)
  object space 304640K, 99% used [0x0000000080000000,0x000000009297a338,0x0000000092980000)
 Metaspace       used 6448K, capacity 7216K, committed 7296K, reserved 1056768K
  class space    used 593K, capacity 616K, committed 640K, reserved 1048576K
}
Event: 71,748 GC heap before
{Heap before GC invocations=16 (full 4):
 PSYoungGen      total 375296K, used 105215K [0x00000000d5580000, 0x00000000f7a00000, 0x0000000100000000)
  eden space 262656K, 0% used [0x00000000d5580000,0x00000000d5580000,0x00000000e5600000)
  from space 112640K, 93% used [0x00000000ed500000,0x00000000f3bbfff8,0x00000000f4300000)
  to   space 130048K, 0% used [0x00000000e5600000,0x00000000e5600000,0x00000000ed500000)
 ParOldGen       total 304640K, used 304616K [0x0000000080000000, 0x0000000092980000, 0x00000000d5580000)
  object space 304640K, 99% used [0x0000000080000000,0x000000009297a338,0x0000000092980000)
 Metaspace       used 6448K, capacity 7216K, committed 7296K, reserved 1056768K
  class space    used 593K, capacity 616K, committed 640K, reserved 1048576K
Event: 73,286 GC heap after
Heap after GC invocations=16 (full 4):
 PSYoungGen      total 375296K, used 0K [0x00000000d5580000, 0x00000000f7a00000, 0x0000000100000000)
  eden space 262656K, 0% used [0x00000000d5580000,0x00000000d5580000,0x00000000e5600000)
  from space 112640K, 0% used [0x00000000ed500000,0x00000000ed500000,0x00000000f4300000)
  to   space 130048K, 0% used [0x00000000e5600000,0x00000000e5600000,0x00000000ed500000)
 ParOldGen       total 385536K, used 245757K [0x0000000080000000, 0x0000000097880000, 0x00000000d5580000)
  object space 385536K, 63% used [0x0000000080000000,0x000000008efff6a8,0x0000000097880000)
 Metaspace       used 6448K, capacity 7216K, committed 7296K, reserved 1056768K
  class space    used 593K, capacity 616K, committed 640K, reserved 1048576K
}
Event: 75,669 GC heap before
{Heap before GC invocations=17 (full 4):
 PSYoungGen      total 375296K, used 262656K [0x00000000d5580000, 0x00000000f7a00000, 0x0000000100000000)
  eden space 262656K, 100% used [0x00000000d5580000,0x00000000e5600000,0x00000000e5600000)
  from space 112640K, 0% used [0x00000000ed500000,0x00000000ed500000,0x00000000f4300000)
  to   space 130048K, 0% used [0x00000000e5600000,0x00000000e5600000,0x00000000ed500000)
 ParOldGen       total 385536K, used 245757K [0x0000000080000000, 0x0000000097880000, 0x00000000d5580000)
  object space 385536K, 63% used [0x0000000080000000,0x000000008efff6a8,0x0000000097880000)
 Metaspace       used 6448K, capacity 7216K, committed 7296K, reserved 1056768K
  class space    used 593K, capacity 616K, committed 640K, reserved 1048576K

